Sun Dec 15 16:52:14 CET 2024: Starting port-forward cleanup.
Sun Dec 15 16:52:15 CET 2024: Terminated process 49236 for minio-svc
Sun Dec 15 16:52:16 CET 2024: Terminated process 49237 for minio-svc
Sun Dec 15 16:52:16 CET 2024: No active port-forward processes found for postgres-svc
Sun Dec 15 19:50:47 CET 2024: Starting port-forward cleanup.
Sun Dec 15 19:50:47 CET 2024: No active port-forward processes found for minio-svc
Sun Dec 15 19:50:49 CET 2024: Terminated process 55096 for postgres-svc
Fri Dec 20 17:49:57 CET 2024: Starting port-forward cleanup.
Fri Dec 20 17:49:57 CET 2024: No active port-forward processes found for minio-svc
Fri Dec 20 17:50:02 CET 2024: Skipped termination for postgres-svc.
Fri Dec 20 17:50:14 CET 2024: Starting port-forward cleanup.
Fri Dec 20 17:50:14 CET 2024: No active port-forward processes found for minio-svc
Fri Dec 20 17:50:21 CET 2024: Skipped process 6820 for postgres-svc
Fri Dec 20 17:50:23 CET 2024: Starting port-forward cleanup.
Fri Dec 20 17:50:23 CET 2024: No active port-forward processes found for minio-svc
Fri Dec 20 17:50:25 CET 2024: Terminated process 6820 for postgres-svc
Fri Dec 20 17:51:14 CET 2024: Starting port-forward cleanup.
Fri Dec 20 17:51:14 CET 2024: No active port-forward processes found for minio-svc
Fri Dec 20 17:51:14 CET 2024: No active port-forward processes found for postgres-svc
Sun Dec 22 14:22:14 CET 2024: Starting port-forward cleanup.
Sun Dec 22 14:22:14 CET 2024: No active port-forward processes found for minio-svc
Sun Dec 22 14:22:14 CET 2024: No active port-forward processes found for postgres-svc
Sun Dec 22 16:25:03 CET 2024: Starting port-forward cleanup.
Sun Dec 22 16:25:03 CET 2024: No active port-forward processes found for minio-svc
Sun Dec 22 16:25:03 CET 2024: No active port-forward processes found for postgres-svc
